Loading dataset from DataSet.csv ...
Loaded 9082 rows.
Data loading took 7.70 seconds.
Cleaning dataset: dropping rows where target 'F3924' is missing...
Dropped 0 rows with missing target. 9082 rows remaining.
Splitting features and target...
Converting column 'F2230' to categorical...
Converting column 'F3886' to categorical...
Converting column 'F3888' to categorical...
Converting column 'F3889' to categorical...
Converting column 'F3890' to categorical...
Converting column 'F3891' to categorical...
Converting column 'F3892' to categorical...
Converting column 'F3893' to categorical...
Splitting into train and test sets...
Training XGBoost Classifier...
/usr/local/lib/python3.12/dist-packages/xgboost/training.py:200: UserWarning: [19:26:21] WARNING: /__w/xgboost/xgboost/src/learner.cc:782: 
Parameters: { "use_label_encoder" } are not used.

  bst.update(dtrain, iteration=i, fobj=obj)
Training completed in 20.95 seconds.
Evaluating model...

--- Model Evaluation ---
Accuracy: 1.0000
ROC-AUC:  1.0000

Classification Report:
              precision    recall  f1-score   support

           0       1.00      1.00      1.00      1801
           1       1.00      1.00      1.00        16

    accuracy                           1.00      1817
   macro avg       1.00      1.00      1.00      1817
weighted avg       1.00      1.00      1.00      1817

Saving model to backend/app/mule_model.pkl...
Model saved successfully!
